<?xml version="1.0" encoding="utf-8"?><testsuites name="pytest tests"><testsuite name="pytest" errors="0" failures="0" skipped="0" tests="131" time="33.194" timestamp="2026-09-12T09:02:06.490321+00:00" hostname="Bobby"><testcase classname="lab_regime_model_quantbt.tests.time_edge_validation_v4.test_te02_technical" name="test_immutable_publication" time="0.005" /><testcase classname="lab_regime_model_quantbt.tests.time_edge_validation_v4.test_te02_technical" name="test_resume_budget_and_failure" time="0.017" /><testcase classname="lab_regime_model_quantbt.tests.time_edge_validation_v4.test_te02_technical" name="test_crash_charges_full_reservation" time="0.008" /><testcase classname="lab_regime_model_quantbt.tests.time_edge_validation_v4.test_te02_technical" name="test_resume_drift_refused[identity0-10]" time="0.008" /><testcase classname="lab_regime_model_quantbt.tests.time_edge_validation_v4.test_te02_technical" name="test_resume_drift_refused[identity1-11]" time="0.008" /><testcase classname="lab_regime_model_quantbt.tests.time_edge_validation_v4.test_te02_technical" name="test_cache_tamper_refused" time="0.010" /><testcase classname="lab_regime_model_quantbt.tests.time_edge_validation_v4.test_te02_technical" name="test_two_workers_refused" time="0.008" /><testcase classname="lab_regime_model_quantbt.tests.time_edge_validation_v4.test_te02_technical" name="test_initial_max_age_and_no_future_ready" time="0.001" /><testcase classname="lab_regime_model_quantbt.tests.time_edge_validation_v4.test_te02_technical" name="test_missing_eligibility_and_namespace_not_transition" time="0.001" /><testcase classname="lab_regime_model_quantbt.tests.time_edge_validation_v4.test_te02_technical" name="test_controller_needs_two_and_same_time_rejected" time="0.001" /><testcase classname="lab_regime_model_quantbt.tests.time_edge_validation_v4.test_te02_technical" name="test_matched_training_cost_and_nonfinite" time="0.000" /><testcase classname="lab_regime_model_quantbt.tests.time_edge_validation_v4.test_te02_technical" name="test_first_fee_and_window_mask" time="0.008" /><testcase classname="lab_regime_model_quantbt.tests.time_edge_validation_v4.test_te02_technical" name="test_no_missing_bar_forward_fill" time="0.004" /><testcase classname="lab_regime_model_quantbt.tests.time_edge_validation_v4.test_te02_technical" name="test_pf_loss_only_and_initial_dd" time="0.001" /><testcase classname="lab_regime_model_quantbt.tests.time_edge_validation_v4.test_te02_technical" name="test_window_fill_counts_are_not_whole_account" time="0.001" /><testcase classname="lab_regime_model_quantbt.tests.time_edge_validation_v4.test_te02_technical" name="test_threshold_flat_days_and_training_only" time="0.006" /><testcase classname="lab_regime_model_quantbt.tests.time_edge_validation_v4.test_te02_technical" name="test_htf_available_only_after_completed_bar[15]" time="0.011" /><testcase classname="lab_regime_model_quantbt.tests.time_edge_validation_v4.test_te02_technical" name="test_htf_available_only_after_completed_bar[60]" time="0.013" /><testcase classname="lab_regime_model_quantbt.tests.time_edge_validation_v4.test_te02_technical" name="test_explicit_actual_quantbt_constructor_binding" time="0.001" /><testcase classname="lab_regime_model_quantbt.tests.time_edge_validation_v4.test_te02_technical" name="test_fill_index_uses_completed_decision_bar" time="0.001" /><testcase classname="lab_regime_model_quantbt.tests.time_edge_validation_v4.test_te02_technical" name="test_no_shadow_decisions_no_double_warmup" time="0.010" /><testcase classname="lab_regime_model_quantbt.tests.time_edge_validation_v4.test_te02_technical" name="test_protection_domain_failure_retained" time="0.006" /><testcase classname="lab_regime_model_quantbt.tests.time_edge_validation_v4.test_te02_technical" name="test_entry_sizing_uses_current_engine_equity" time="0.006" /><testcase classname="lab_regime_model_quantbt.tests.time_edge_validation_v4.test_te02_technical" name="test_selection_only_actual_mode4_and_persistent_resume" time="15.542" /><testcase classname="lab_regime_model_quantbt.tests.time_edge_validation_v4.test_te03_te05_technical" name="test_target_tail_purge_and_equal_time_exclusion" time="0.001" /><testcase classname="lab_regime_model_quantbt.tests.time_edge_validation_v4.test_te03_te05_technical" name="test_future_candidate_bank_rejected" time="0.001" /><testcase classname="lab_regime_model_quantbt.tests.time_edge_validation_v4.test_te03_te05_technical" name="test_real_learned_jm_fit_is_train_only_math" time="0.012" /><testcase classname="lab_regime_model_quantbt.tests.time_edge_validation_v4.test_te03_te05_technical" name="test_information_future_parameter_ranking_not_price_direction" time="0.005" /><testcase classname="lab_regime_model_quantbt.tests.time_edge_validation_v4.test_te03_te05_technical" name="test_state_mapping_common_raw_coordinates_and_ambiguity" time="0.001" /><testcase classname="lab_regime_model_quantbt.tests.time_edge_validation_v4.test_te03_te05_technical" name="test_emission_suffix_ready_and_warmed_filter" time="0.008" /><testcase classname="lab_regime_model_quantbt.tests.time_edge_validation_v4.test_te03_te05_technical" name="test_dossier_denominators_and_no_fake_label_accuracy" time="0.001" /><testcase classname="lab_regime_model_quantbt.tests.time_edge_validation_v4.test_te03_te05_technical" name="test_block_bootstrap_matches_slow_independent_oracle" time="0.029" /><testcase classname="lab_regime_model_quantbt.tests.time_edge_validation_v4.test_te03_te05_technical" name="test_family_includes_four_when_missing_hypotheses" time="0.005" /><testcase classname="lab_regime_model_quantbt.tests.time_edge_validation_v4.test_te03_te05_technical" name="test_fixed_cohort_never_changes_weights_by_day" time="0.006" /><testcase classname="lab_regime_model_quantbt.tests.time_edge_validation_v4.test_te03_te05_technical" name="test_weighted_information_constant_effect_and_zero_weight_dates" time="0.002" /><testcase classname="lab_regime_model_quantbt.tests.time_edge_validation_v4.test_te03_te05_technical" name="test_twenty_worlds_cannot_certify_fwer" time="0.001" /><testcase classname="lab_regime_model_quantbt.tests.time_edge_validation_v4.test_te03_te05_technical" name="test_exact_age_90_days_and_no_overlap" time="0.016" /><testcase classname="lab_regime_model_quantbt.tests.time_edge_validation_v4.test_te03_te05_technical" name="test_anchor_choice_timestamp_not_best_outcome" time="0.001" /><testcase classname="lab_regime_model_quantbt.tests.time_edge_validation_v4.test_te03_te05_technical" name="test_decay_cal_minus_regime_sign_and_joint_calendar_influence" time="0.018" /><testcase classname="lab_regime_model_quantbt.tests.time_edge_validation_v4.test_te03_te05_technical" name="test_d1_raw_same_theta_and_d3_not_decay_proof" time="0.002" /><testcase classname="lab_regime_model_quantbt.tests.time_edge_validation_v4.test_te03_te05_technical" name="test_no_accounts_is_not_zero_edge_or_positive_claim" time="0.001" /><testcase classname="lab_regime_model_quantbt.tests.time_edge_validation_v4.test_te03_te05_technical" name="test_funnel_empty_and_truth_shortcut_cannot_pass" time="0.001" /><testcase classname="lab_regime_model_quantbt.tests.time_edge_validation_v4.test_te03_te05_technical" name="test_paths_and_unregistered_jobs_refused" time="0.001" /><testcase classname="lab_regime_model_quantbt.tests.time_edge_validation_v4.test_te03_te05_technical" name="test_strict_json_no_nonfinite_evidence" time="0.001" /><testcase classname="lab_regime_model_quantbt.tests.time_edge_validation_v4.test_te03_te05_technical" name="test_legacy_factorial_cli_cannot_claim_te_study" time="0.010" /><testcase classname="lab_regime_model_quantbt.tests.time_edge_validation_v4.test_te03_te05_technical" name="test_parameter_ids_cannot_manufacture_behavioral_diversity" time="0.009" /><testcase classname="lab_regime_model_quantbt.tests.time_edge_validation_v4.test_te_delivery_guards" name="test_warmup_bound_covers_full_vwap_space_and_listing_audit" time="0.018" /><testcase classname="lab_regime_model_quantbt.tests.time_edge_validation_v4.test_te_delivery_guards" name="test_cold_path_cannot_place_on_last_warmup_bar" time="0.006" /><testcase classname="lab_regime_model_quantbt.tests.time_edge_validation_v4.test_te_delivery_guards" name="test_operational_fold_links_models_and_keeps_missing_dossier" time="0.002" /><testcase classname="lab_regime_model_quantbt.tests.time_edge_validation_v4.test_te_delivery_guards" name="test_deployed_information_rejects_changed_training_features" time="0.002" /><testcase classname="lab_regime_model_quantbt.tests.time_edge_validation_v4.test_te_delivery_guards" name="test_full_registered_model_ladder_and_actual_outer_dossier" time="12.958" /><testcase classname="lab_regime_model_quantbt.tests.time_edge_validation_v4.test_te_delivery_guards" name="test_freeze_detects_input_and_source_drift_without_engine" time="0.006" /><testcase classname="lab_regime_model_quantbt.tests.time_edge_validation_v4.test_te_delivery_guards" name="test_real_report_rejects_uncommitted_input" time="0.042" /><testcase classname="lab_regime_model_quantbt.tests.time_edge_validation_v4.test_te_delivery_guards" name="test_discovery_cannot_open_from_boolean_prerequisites" time="0.006" /><testcase classname="lab_regime_model_quantbt.tests.time_edge_validation_v4.test_te_delivery_guards" name="test_calibration_checkpoint_resumes_after_interruption" time="0.017" /><testcase classname="lab_regime_model_quantbt.tests.time_edge_validation_v4.test_te_runtime_faults" name="test_owned_child_timeout_is_persisted" time="0.430" /><testcase classname="lab_regime_model_quantbt.tests.time_edge_validation_v4.test_te_runtime_faults" name="test_child_start_failure_closes_both_ledgers" time="0.025" /><testcase classname="lab_regime_model_quantbt.tests.time_edge_validation_v4.test_te_runtime_faults" name="test_allocation_shared_across_run_ids_and_cached_success" time="0.450" /><testcase classname="lab_regime_model_quantbt.tests.time_edge_validation_v4.test_te_runtime_faults" name="test_stop_resume_keeps_receipt_and_budget" time="0.235" /><testcase classname="lab_regime_model_quantbt.tests.time_edge_validation_v4.test_te_runtime_faults" name="test_failure_never_runs_dependent_child" time="0.229" /><testcase classname="lab_regime_model_quantbt.tests.time_edge_validation_v4.test_te_runtime_faults" name="test_worker_refuses_plain_host_before_engine_import" time="0.002" /><testcase classname="lab_regime_model_quantbt.tests.time_edge_validation_v4.test_te_runtime_faults" name="test_plan_without_source_or_empty_tasks_cannot_pass" time="0.087" /><testcase classname="lab_regime_model_quantbt.tests.time_edge_validation_v4.test_registration_contracts" name="test_first_fee_is_retained_and_partition_compounds" time="0.001" /><testcase classname="lab_regime_model_quantbt.tests.time_edge_validation_v4.test_registration_contracts" name="test_warmup_prefix_does_not_change_scored_returns" time="0.000" /><testcase classname="lab_regime_model_quantbt.tests.time_edge_validation_v4.test_registration_contracts" name="test_random_capital_scaling_and_half_open_partitions" time="0.002" /><testcase classname="lab_regime_model_quantbt.tests.time_edge_validation_v4.test_registration_contracts" name="test_bad_daily_coverage_or_nonfinite_is_not_cash[rows0]" time="0.001" /><testcase classname="lab_regime_model_quantbt.tests.time_edge_validation_v4.test_registration_contracts" name="test_bad_daily_coverage_or_nonfinite_is_not_cash[rows1]" time="0.001" /><testcase classname="lab_regime_model_quantbt.tests.time_edge_validation_v4.test_registration_contracts" name="test_bad_daily_coverage_or_nonfinite_is_not_cash[rows2]" time="0.001" /><testcase classname="lab_regime_model_quantbt.tests.time_edge_validation_v4.test_registration_contracts" name="test_bad_daily_coverage_or_nonfinite_is_not_cash[rows3]" time="0.001" /><testcase classname="lab_regime_model_quantbt.tests.time_edge_validation_v4.test_registration_contracts" name="test_bad_daily_coverage_or_nonfinite_is_not_cash[rows4]" time="0.001" /><testcase classname="lab_regime_model_quantbt.tests.time_edge_validation_v4.test_registration_contracts" name="test_bad_daily_coverage_or_nonfinite_is_not_cash[rows5]" time="0.001" /><testcase classname="lab_regime_model_quantbt.tests.time_edge_validation_v4.test_registration_contracts" name="test_registration_requires_explicit_utc[2021-01-01]" time="0.001" /><testcase classname="lab_regime_model_quantbt.tests.time_edge_validation_v4.test_registration_contracts" name="test_registration_requires_explicit_utc[2021-01-01T00:00:00]" time="0.001" /><testcase classname="lab_regime_model_quantbt.tests.time_edge_validation_v4.test_registration_contracts" name="test_registration_requires_explicit_utc[2021-01-01T00:00:00+07:00]" time="0.001" /><testcase classname="lab_regime_model_quantbt.tests.time_edge_validation_v4.test_registration_contracts" name="test_only_loss_and_no_loss_pf_are_distinct" time="0.001" /><testcase classname="lab_regime_model_quantbt.tests.time_edge_validation_v4.test_registration_contracts" name="test_pf_log_gap_never_manufactures_finite_result[0]" time="0.001" /><testcase classname="lab_regime_model_quantbt.tests.time_edge_validation_v4.test_registration_contracts" name="test_pf_log_gap_never_manufactures_finite_result[-1]" time="0.001" /><testcase classname="lab_regime_model_quantbt.tests.time_edge_validation_v4.test_registration_contracts" name="test_pf_log_gap_never_manufactures_finite_result[None]" time="0.001" /><testcase classname="lab_regime_model_quantbt.tests.time_edge_validation_v4.test_registration_contracts" name="test_pf_log_gap_never_manufactures_finite_result[inf]" time="0.001" /><testcase classname="lab_regime_model_quantbt.tests.time_edge_validation_v4.test_registration_contracts" name="test_pf_log_gap_never_manufactures_finite_result[nan]" time="0.001" /><testcase classname="lab_regime_model_quantbt.tests.time_edge_validation_v4.test_registration_contracts" name="test_pf_log_gap_never_manufactures_finite_result[True]" time="0.001" /><testcase classname="lab_regime_model_quantbt.tests.time_edge_validation_v4.test_registration_contracts" name="test_pf_log_gap_antisymmetric" time="0.000" /><testcase classname="lab_regime_model_quantbt.tests.time_edge_validation_v4.test_registration_contracts" name="test_daily_sharpe_sample_variance_and_no_bar_fallback" time="0.001" /><testcase classname="lab_regime_model_quantbt.tests.time_edge_validation_v4.test_registration_contracts" name="test_pair_by_common_date_not_row_number" time="0.001" /><testcase classname="lab_regime_model_quantbt.tests.time_edge_validation_v4.test_registration_contracts" name="test_allocation_cost_units_a15" time="0.000" /><testcase classname="lab_regime_model_quantbt.tests.time_edge_validation_v4.test_registration_contracts" name="test_holm_preserves_family_and_unsorted_mapping" time="0.001" /><testcase classname="lab_regime_model_quantbt.tests.time_edge_validation_v4.test_registration_contracts" name="test_any_invalidity_blocks_strong_economic_interval[execution_valid]" time="0.001" /><testcase classname="lab_regime_model_quantbt.tests.time_edge_validation_v4.test_registration_contracts" name="test_any_invalidity_blocks_strong_economic_interval[data_valid]" time="0.001" /><testcase classname="lab_regime_model_quantbt.tests.time_edge_validation_v4.test_registration_contracts" name="test_any_invalidity_blocks_strong_economic_interval[treatment_valid]" time="0.001" /><testcase classname="lab_regime_model_quantbt.tests.time_edge_validation_v4.test_registration_contracts" name="test_any_invalidity_blocks_strong_economic_interval[support_sufficient]" time="0.001" /><testcase classname="lab_regime_model_quantbt.tests.time_edge_validation_v4.test_registration_contracts" name="test_any_invalidity_blocks_strong_economic_interval[calibration_passed]" time="0.001" /><testcase classname="lab_regime_model_quantbt.tests.time_edge_validation_v4.test_registration_contracts" name="test_any_invalidity_blocks_strong_economic_interval[family_complete]" time="0.001" /><testcase classname="lab_regime_model_quantbt.tests.time_edge_validation_v4.test_registration_contracts" name="test_any_invalidity_blocks_strong_economic_interval[threshold_materialized]" time="0.001" /><testcase classname="lab_regime_model_quantbt.tests.time_edge_validation_v4.test_registration_contracts" name="test_claim_uses_economic_threshold_with_strict_boundaries[0.001-0.002-INCONCLUSIVE]" time="0.001" /><testcase classname="lab_regime_model_quantbt.tests.time_edge_validation_v4.test_registration_contracts" name="test_claim_uses_economic_threshold_with_strict_boundaries[0.0011-0.002-POSITIVE_WITHIN_TESTED_SCOPE]" time="0.001" /><testcase classname="lab_regime_model_quantbt.tests.time_edge_validation_v4.test_registration_contracts" name="test_claim_uses_economic_threshold_with_strict_boundaries[-0.002-0.0009-NO_MEANINGFUL_IMPROVEMENT_WITHIN_SCOPE]" time="0.001" /><testcase classname="lab_regime_model_quantbt.tests.time_edge_validation_v4.test_registration_contracts" name="test_claim_uses_economic_threshold_with_strict_boundaries[-0.002-0.001-INCONCLUSIVE]" time="0.001" /><testcase classname="lab_regime_model_quantbt.tests.time_edge_validation_v4.test_registration_contracts" name="test_no_positive_claim_without_adjustment_or_risk" time="0.000" /><testcase classname="lab_regime_model_quantbt.tests.time_edge_validation_v4.test_registration_contracts" name="test_outcome_end_not_origin_defines_training_eligibility" time="0.000" /><testcase classname="lab_regime_model_quantbt.tests.time_edge_validation_v4.test_registration_contracts" name="test_resume_counts_failures_and_refuses_missing_or_changed_identity" time="0.001" /><testcase classname="lab_regime_model_quantbt.tests.time_edge_validation_v4.test_registration_contracts" name="test_registered_protocol_validates_but_never_authorizes_market_execution" time="0.002" /><testcase classname="lab_regime_model_quantbt.tests.time_edge_validation_v4.test_registration_contracts" name="test_protocol_mutations_are_rejected[study_registration.json-keys0-True]" time="0.003" /><testcase classname="lab_regime_model_quantbt.tests.time_edge_validation_v4.test_registration_contracts" name="test_protocol_mutations_are_rejected[study_registration.json-keys1-mode_1]" time="0.003" /><testcase classname="lab_regime_model_quantbt.tests.time_edge_validation_v4.test_registration_contracts" name="test_protocol_mutations_are_rejected[study_registration.json-keys2-19]" time="0.003" /><testcase classname="lab_regime_model_quantbt.tests.time_edge_validation_v4.test_registration_contracts" name="test_protocol_mutations_are_rejected[study_registration.json-keys3-UNTOUCHED]" time="0.003" /><testcase classname="lab_regime_model_quantbt.tests.time_edge_validation_v4.test_registration_contracts" name="test_protocol_mutations_are_rejected[evaluation_windows.json-keys4-True]" time="0.003" /><testcase classname="lab_regime_model_quantbt.tests.time_edge_validation_v4.test_registration_contracts" name="test_protocol_mutations_are_rejected[evaluation_windows.json-keys5-[start,end]]" time="0.003" /><testcase classname="lab_regime_model_quantbt.tests.time_edge_validation_v4.test_registration_contracts" name="test_protocol_mutations_are_rejected[metric_contract.json-keys6-252]" time="0.003" /><testcase classname="lab_regime_model_quantbt.tests.time_edge_validation_v4.test_registration_contracts" name="test_protocol_mutations_are_rejected[metric_contract.json-keys7-0]" time="0.003" /><testcase classname="lab_regime_model_quantbt.tests.time_edge_validation_v4.test_registration_contracts" name="test_protocol_mutations_are_rejected[metric_contract.json-keys8-value8]" time="0.003" /><testcase classname="lab_regime_model_quantbt.tests.time_edge_validation_v4.test_registration_contracts" name="test_protocol_mutations_are_rejected[statistical_analysis_plan.json-keys9-2]" time="0.003" /><testcase classname="lab_regime_model_quantbt.tests.time_edge_validation_v4.test_registration_contracts" name="test_protocol_mutations_are_rejected[statistical_analysis_plan.json-keys10-notional_return/day]" time="0.003" /><testcase classname="lab_regime_model_quantbt.tests.time_edge_validation_v4.test_registration_contracts" name="test_protocol_mutations_are_rejected[model_protocol.json-keys11-False]" time="0.003" /><testcase classname="lab_regime_model_quantbt.tests.time_edge_validation_v4.test_registration_contracts" name="test_protocol_mutations_are_rejected[execution_contract.json-keys12-True]" time="0.003" /><testcase classname="lab_regime_model_quantbt.tests.time_edge_validation_v4.test_registration_contracts" name="test_protocol_mutations_are_rejected[execution_contract.json-keys13-1h]" time="0.003" /><testcase classname="lab_regime_model_quantbt.tests.time_edge_validation_v4.test_registration_contracts" name="test_protocol_mutations_are_rejected[execution_contract.json-keys14-True]" time="0.003" /><testcase classname="lab_regime_model_quantbt.tests.time_edge_validation_v4.test_registration_contracts" name="test_protocol_mutations_are_rejected[compute_budget.json-keys15-1]" time="0.003" /><testcase classname="lab_regime_model_quantbt.tests.time_edge_validation_v4.test_registration_contracts" name="test_unresolved_or_invalid_scientific_values_refuse_registration[statistical_analysis_plan.json-keys0-None]" time="0.002" /><testcase classname="lab_regime_model_quantbt.tests.time_edge_validation_v4.test_registration_contracts" name="test_unresolved_or_invalid_scientific_values_refuse_registration[statistical_analysis_plan.json-keys1-nan]" time="0.002" /><testcase classname="lab_regime_model_quantbt.tests.time_edge_validation_v4.test_registration_contracts" name="test_unresolved_or_invalid_scientific_values_refuse_registration[statistical_analysis_plan.json-keys2-3]" time="0.002" /><testcase classname="lab_regime_model_quantbt.tests.time_edge_validation_v4.test_registration_contracts" name="test_unresolved_or_invalid_scientific_values_refuse_registration[statistical_analysis_plan.json-keys3-0]" time="0.002" /><testcase classname="lab_regime_model_quantbt.tests.time_edge_validation_v4.test_registration_contracts" name="test_unresolved_or_invalid_scientific_values_refuse_registration[statistical_analysis_plan.json-keys4--1]" time="0.002" /><testcase classname="lab_regime_model_quantbt.tests.time_edge_validation_v4.test_registration_contracts" name="test_unresolved_or_invalid_scientific_values_refuse_registration[execution_contract.json-keys5--0.1]" time="0.002" /><testcase classname="lab_regime_model_quantbt.tests.time_edge_validation_v4.test_registration_contracts" name="test_unresolved_or_invalid_scientific_values_refuse_registration[study_registration.json-keys6-True]" time="0.002" /><testcase classname="lab_regime_model_quantbt.tests.time_edge_validation_v4.test_registration_contracts" name="test_installed_mode4_config_requires_positive_trials_and_matches_frozen_knobs" time="0.001" /><testcase classname="lab_regime_model_quantbt.tests.time_edge_validation_v4.test_registration_contracts" name="test_empty_or_boolean_only_runtime_readiness_cannot_pass" time="0.001" /><testcase classname="lab_regime_model_quantbt.tests.time_edge_validation_v4.test_registration_contracts" name="test_registered_file_tamper_is_rejected_before_validation" time="0.003" /><testcase classname="lab_regime_model_quantbt.tests.time_edge_validation_v4.test_registration_contracts" name="test_runtime_proof_cannot_pass_on_stale_or_empty_evidence[hash]" time="0.003" /><testcase classname="lab_regime_model_quantbt.tests.time_edge_validation_v4.test_registration_contracts" name="test_runtime_proof_cannot_pass_on_stale_or_empty_evidence[wrong_source]" time="0.003" /><testcase classname="lab_regime_model_quantbt.tests.time_edge_validation_v4.test_registration_contracts" name="test_runtime_proof_cannot_pass_on_stale_or_empty_evidence[empty_measurements]" time="0.003" /><testcase classname="lab_regime_model_quantbt.tests.time_edge_validation_v4.test_registration_contracts" name="test_runtime_proof_cannot_pass_on_stale_or_empty_evidence[path_escape]" time="0.003" /></testsuite></testsuites>